Using pre-set license
Built from '2022.3/china_unity/release~1' branch; Version is '2022.3.53f1c1 (f16e16b78e06) revision 15822358'; Using compiler version '192829333'; Build Type 'Release'
OS: 'Windows 11  (10.0.22631) 64bit Core' Language: 'en' Physical Memory: 31861 MB
BatchMode: 1, IsHumanControllingUs: 0, StartBugReporterOnCrash: 0, Is64bit: 1, IsPro: 1

COMMAND LINE ARGUMENTS:
C:\Program Files\Unity\Hub\Editor\2022.3.53f1c1\Editor\Unity.exe
-adb2
-batchMode
-noUpm
-name
AssetImportWorker2
-projectPath
C:/Users/kints/Downloads/LearningGame-main/LearningGame-main
-logFile
Logs/AssetImportWorker2.log
-srvPort
54202
Successfully changed project path to: C:/Users/kints/Downloads/LearningGame-main/LearningGame-main
C:/Users/kints/Downloads/LearningGame-main/LearningGame-main
[UnityMemory] Configuration Parameters - Can be set up in boot.config
    "memorysetup-bucket-allocator-granularity=16"
    "memorysetup-bucket-allocator-bucket-count=8"
    "memorysetup-bucket-allocator-block-size=33554432"
    "memorysetup-bucket-allocator-block-count=8"
    "memorysetup-main-allocator-block-size=16777216"
    "memorysetup-thread-allocator-block-size=16777216"
    "memorysetup-gfx-main-allocator-block-size=16777216"
    "memorysetup-gfx-thread-allocator-block-size=16777216"
    "memorysetup-cache-allocator-block-size=4194304"
    "memorysetup-typetree-allocator-block-size=2097152"
    "memorysetup-profiler-bucket-allocator-granularity=16"
    "memorysetup-profiler-bucket-allocator-bucket-count=8"
    "memorysetup-profiler-bucket-allocator-block-size=33554432"
    "memorysetup-profiler-bucket-allocator-block-count=8"
    "memorysetup-profiler-allocator-block-size=16777216"
    "memorysetup-profiler-editor-allocator-block-size=1048576"
    "memorysetup-temp-allocator-size-main=16777216"
    "memorysetup-job-temp-allocator-block-size=2097152"
    "memorysetup-job-temp-allocator-block-size-background=1048576"
    "memorysetup-job-temp-allocator-reduction-small-platforms=262144"
    "memorysetup-allocator-temp-initial-block-size-main=262144"
    "memorysetup-allocator-temp-initial-block-size-worker=262144"
    "memorysetup-temp-allocator-size-background-worker=32768"
    "memorysetup-temp-allocator-size-job-worker=262144"
    "memorysetup-temp-allocator-size-preload-manager=33554432"
    "memorysetup-temp-allocator-size-nav-mesh-worker=65536"
    "memorysetup-temp-allocator-size-audio-worker=65536"
    "memorysetup-temp-allocator-size-cloud-worker=32768"
    "memorysetup-temp-allocator-size-gi-baking-worker=262144"
    "memorysetup-temp-allocator-size-gfx=262144"
Player connection [1920]  Target information:

Player connection [1920]  * "[IP] 192.168.0.165 [Port] 0 [Flags] 2 [Guid] 3900832458 [EditorId] 3900832458 [Version] 1048832 [Id] WindowsEditor(7,RogerChanPC) [Debug] 1 [PackageName] WindowsEditor [ProjectName] Editor" 

Player connection [1920]  * "[IP] 192.168.56.1 [Port] 0 [Flags] 2 [Guid] 3900832458 [EditorId] 3900832458 [Version] 1048832 [Id] WindowsEditor(7,RogerChanPC) [Debug] 1 [PackageName] WindowsEditor [ProjectName] Editor" 

Player connection [1920] Host joined multi-casting on [225.0.0.222:54997]...
Player connection [1920] Host joined alternative multi-casting on [225.0.0.222:34997]...
[PhysX] Initialized MultithreadedTaskDispatcher with 16 workers.
Refreshing native plugins compatible for Editor in 725.55 ms, found 2 plugins.
Preloading 0 native plugins for Editor in 0.00 ms.
Initialize engine version: 2022.3.53f1c1 (f16e16b78e06)
[Subsystems] Discovering subsystems at path C:/Program Files/Unity/Hub/Editor/2022.3.53f1c1/Editor/Data/Resources/UnitySubsystems
[Subsystems] Discovering subsystems at path C:/Users/kints/Downloads/LearningGame-main/LearningGame-main/Assets
GfxDevice: creating device client; threaded=0; jobified=0
Direct3D:
    Version:  Direct3D 11.0 [level 11.1]
    Renderer: NVIDIA GeForce RTX 4070 (ID=0x2786)
    Vendor:   NVIDIA
    VRAM:     12012 MB
    Driver:   32.0.15.7242
Initialize mono
Mono path[0] = 'C:/Program Files/Unity/Hub/Editor/2022.3.53f1c1/Editor/Data/Managed'
Mono path[1] = 'C:/Program Files/Unity/Hub/Editor/2022.3.53f1c1/Editor/Data/MonoBleedingEdge/lib/mono/unityjit-win32'
Mono config path = 'C:/Program Files/Unity/Hub/Editor/2022.3.53f1c1/Editor/Data/MonoBleedingEdge/etc'
Using monoOptions --debugger-agent=transport=dt_socket,embedding=1,server=y,suspend=n,address=127.0.0.1:56988
Begin MonoManager ReloadAssembly
Registering precompiled unity dll's ...
Register platform support module: C:/Program Files/Unity/Hub/Editor/2022.3.53f1c1/Editor/Data/PlaybackEngines/WebGLSupport/UnityEditor.WebGL.Extensions.dll
Register platform support module: C:/Program Files/Unity/Hub/Editor/2022.3.53f1c1/Editor/Data/PlaybackEngines/WindowsStandaloneSupport/UnityEditor.WindowsStandalone.Extensions.dll
Registered in 0.225068 seconds.
- Loaded All Assemblies, in  1.679 seconds
Native extension for WindowsStandalone target not found
Native extension for WebGL target not found
Mono: successfully reloaded assembly
- Finished resetting the current domain, in  0.164 seconds
Domain Reload Profiling: 1839ms
	BeginReloadAssembly (119ms)
		ExecutionOrderSort (0ms)
		DisableScriptedObjects (0ms)
		BackupInstance (0ms)
		ReleaseScriptingObjects (0ms)
		CreateAndSetChildDomain (0ms)
	RebuildCommonClasses (287ms)
	RebuildNativeTypeToScriptingClass (8ms)
	initialDomainReloadingComplete (530ms)
	LoadAllAssembliesAndSetupDomain (731ms)
		LoadAssemblies (96ms)
		RebuildTransferFunctionScriptingTraits (0ms)
		AnalyzeDomain (729ms)
			TypeCache.Refresh (728ms)
				TypeCache.ScanAssembly (524ms)
			ScanForSourceGeneratedMonoScriptInfo (0ms)
			ResolveRequiredComponents (0ms)
	FinalizeReload (164ms)
		ReleaseScriptCaches (0ms)
		RebuildScriptCaches (0ms)
		SetupLoadedEditorAssemblies (138ms)
			LogAssemblyErrors (0ms)
			InitializePlatformSupportModulesInManaged (7ms)
			SetLoadedEditorAssemblies (3ms)
			RefreshPlugins (0ms)
			BeforeProcessingInitializeOnLoad (1ms)
			ProcessInitializeOnLoadAttributes (92ms)
			ProcessInitializeOnLoadMethodAttributes (35ms)
			AfterProcessingInitializeOnLoad (0ms)
			EditorAssembliesLoaded (0ms)
		ExecutionOrderSort2 (0ms)
		AwakeInstancesAfterBackupRestoration (0ms)
========================================================================
Worker process is ready to serve import requests
Caller must complete domain reload
Begin MonoManager ReloadAssembly
- Loaded All Assemblies, in  3.348 seconds
Native extension for WindowsStandalone target not found
Native extension for WebGL target not found
Mono: successfully reloaded assembly
- Finished resetting the current domain, in  0.537 seconds
Domain Reload Profiling: 2227ms
	BeginReloadAssembly (98ms)
		ExecutionOrderSort (0ms)
		DisableScriptedObjects (3ms)
		BackupInstance (0ms)
		ReleaseScriptingObjects (0ms)
		CreateAndSetChildDomain (13ms)
	RebuildCommonClasses (19ms)
	RebuildNativeTypeToScriptingClass (11ms)
	initialDomainReloadingComplete (36ms)
	LoadAllAssembliesAndSetupDomain (1526ms)
		LoadAssemblies (1267ms)
		RebuildTransferFunctionScriptingTraits (0ms)
		AnalyzeDomain (317ms)
			TypeCache.Refresh (309ms)
				TypeCache.ScanAssembly (269ms)
			ScanForSourceGeneratedMonoScriptInfo (5ms)
			ResolveRequiredComponents (2ms)
	FinalizeReload (538ms)
		ReleaseScriptCaches (0ms)
		RebuildScriptCaches (0ms)
		SetupLoadedEditorAssemblies (459ms)
			LogAssemblyErrors (0ms)
			InitializePlatformSupportModulesInManaged (6ms)
			SetLoadedEditorAssemblies (2ms)
			RefreshPlugins (0ms)
			BeforeProcessingInitializeOnLoad (35ms)
			ProcessInitializeOnLoadAttributes (391ms)
			ProcessInitializeOnLoadMethodAttributes (12ms)
			AfterProcessingInitializeOnLoad (13ms)
			EditorAssembliesLoaded (0ms)
		ExecutionOrderSort2 (0ms)
		AwakeInstancesAfterBackupRestoration (7ms)
Launched and connected shader compiler UnityShaderCompiler.exe after 0.12 seconds
Refreshing native plugins compatible for Editor in 6.07 ms, found 2 plugins.
Preloading 0 native plugins for Editor in 0.00 ms.
Unloading 1900 Unused Serialized files (Serialized files now loaded: 0)
Unloading 16 unused Assets / (52.1 KB). Loaded Objects now: 2374.
Memory consumption went from 95.3 MB to 95.3 MB.
Total: 2.776200 ms (FindLiveObjects: 0.155300 ms CreateObjectMapping: 0.036900 ms MarkObjects: 2.504400 ms  DeleteObjects: 0.079000 ms)

AssetImportParameters requested are different than current active one (requested -> active):
  custom:video-decoder-webm-vp8: 9c59270c3fd7afecdb556c50c9e8de78 -> 
  custom:SearchIndexIgnoredProperties: e643bd26f0fe6173181afceb89e7c659 -> 
  custom:container-demuxer-ogg: 62fdf1f143b41e24485cea50d1cbac27 -> 
  custom:AudioImporter_EditorPlatform: d09bf68614088b80899f8185d706f6e7 -> 
  custom:video-codec-MediaFoundation-h265: 746d11721c4dcdbdad8f713fa42b33f4 -> 
  custom:video-decoder-ogg-theora: a1e56fd34408186e4bbccfd4996cb3dc -> 
  custom:framework-win-MediaFoundation: 216162199b28c13a410421893ffa2e32 -> 
  custom:video-encoder-webm-vp8: eb34c28f22e8b96e1ab97ce403110664 -> 
  custom:audio-decoder-ogg-vorbis: bf7c407c2cedff20999df2af8eb42d56 -> 
  custom:CustomObjectIndexerAttribute: 9a22284fe3817be447336de3de66b15e -> 
  custom:container-demuxer-webm: 4f35f7cbe854078d1ac9338744f61a02 -> 
  custom:audio-encoder-webm-vorbis: bf7c407c2cedff20999df2af8eb42d56 -> 
  custom:container-muxer-webm: aa71ff27fc2769a1b78a27578f13a17b -> 
========================================================================
Received Import Request.
  Time since last request: 14909.627250 seconds.
  path: Assets/Res/bow1+ride2.png
  artifactKey: Guid(e2e12337a79d38c4b9a328f7bce78eb6) Importer(815301076,1909f56bfc062723c751e8b465ee728b)
Start importing Assets/Res/bow1+ride2.png using Guid(e2e12337a79d38c4b9a328f7bce78eb6) Importer(815301076,1909f56bfc062723c751e8b465ee728b) [PhysX] Initialized MultithreadedTaskDispatcher with 16 workers.
[PhysX] Initialized MultithreadedTaskDispatcher with 16 workers.
 -> (artifact id: 'cb999c05dffbc557f085430a9b90d01f') in 0.075431 seconds
Number of updated asset objects reloaded before import = 0
Number of asset objects unloaded after import = 3
========================================================================
Received Import Request.
  Time since last request: 0.000022 seconds.
  path: Assets/UI/bow1.png
  artifactKey: Guid(323d2e2a9bb485e45997cfeb4ef60578) Importer(815301076,1909f56bfc062723c751e8b465ee728b)
Start importing Assets/UI/bow1.png using Guid(323d2e2a9bb485e45997cfeb4ef60578) Importer(815301076,1909f56bfc062723c751e8b465ee728b) [PhysX] Initialized MultithreadedTaskDispatcher with 16 workers.
[PhysX] Initialized MultithreadedTaskDispatcher with 16 workers.
 -> (artifact id: '711e6336340e227519e692ef112d19f9') in 0.017015 seconds
Number of updated asset objects reloaded before import = 0
Number of asset objects unloaded after import = 3
========================================================================
Received Import Request.
  Time since last request: 27.523577 seconds.
  path: Assets/Res/bow2.png
  artifactKey: Guid(80e01810ed92fcf4187075d674a610da) Importer(815301076,1909f56bfc062723c751e8b465ee728b)
Start importing Assets/Res/bow2.png using Guid(80e01810ed92fcf4187075d674a610da) Importer(815301076,1909f56bfc062723c751e8b465ee728b) [PhysX] Initialized MultithreadedTaskDispatcher with 16 workers.
[PhysX] Initialized MultithreadedTaskDispatcher with 16 workers.
 -> (artifact id: '8669dab6350b6e94f60a6d0473982b19') in 0.013971 seconds
Number of updated asset objects reloaded before import = 0
Number of asset objects unloaded after import = 3
========================================================================
Received Import Request.
  Time since last request: 0.594727 seconds.
  path: Assets/Res/bow2A.png
  artifactKey: Guid(4537c5e3125b6b74191d2c008e71277b) Importer(815301076,1909f56bfc062723c751e8b465ee728b)
Start importing Assets/Res/bow2A.png using Guid(4537c5e3125b6b74191d2c008e71277b) Importer(815301076,1909f56bfc062723c751e8b465ee728b) [PhysX] Initialized MultithreadedTaskDispatcher with 16 workers.
[PhysX] Initialized MultithreadedTaskDispatcher with 16 workers.
 -> (artifact id: '372fe20250492f9fb10e2674493bb7b0') in 0.014820 seconds
Number of updated asset objects reloaded before import = 0
Number of asset objects unloaded after import = 3
========================================================================
Received Import Request.
  Time since last request: 0.038073 seconds.
  path: Assets/Res/bow3.png
  artifactKey: Guid(3eb5bbccf6e2f1a42a7ad02cbdbd4304) Importer(815301076,1909f56bfc062723c751e8b465ee728b)
Start importing Assets/Res/bow3.png using Guid(3eb5bbccf6e2f1a42a7ad02cbdbd4304) Importer(815301076,1909f56bfc062723c751e8b465ee728b) [PhysX] Initialized MultithreadedTaskDispatcher with 16 workers.
[PhysX] Initialized MultithreadedTaskDispatcher with 16 workers.
 -> (artifact id: 'cd05c424845c6da74e5648ee406b9623') in 0.014105 seconds
Number of updated asset objects reloaded before import = 0
Number of asset objects unloaded after import = 3
========================================================================
Received Import Request.
  Time since last request: 0.043964 seconds.
  path: Assets/UI/bow3A.png
  artifactKey: Guid(1d9960835a3e56d479a978bd169eb4ea) Importer(815301076,1909f56bfc062723c751e8b465ee728b)
Start importing Assets/UI/bow3A.png using Guid(1d9960835a3e56d479a978bd169eb4ea) Importer(815301076,1909f56bfc062723c751e8b465ee728b) [PhysX] Initialized MultithreadedTaskDispatcher with 16 workers.
[PhysX] Initialized MultithreadedTaskDispatcher with 16 workers.
 -> (artifact id: '8d2429aae045684ec6eac3831b7461ab') in 0.012666 seconds
Number of updated asset objects reloaded before import = 0
Number of asset objects unloaded after import = 3
========================================================================
Received Import Request.
  Time since last request: 0.309515 seconds.
  path: Assets/Res/button2.png
  artifactKey: Guid(d1cbd3e7bf6df4745980a5e233a98874) Importer(815301076,1909f56bfc062723c751e8b465ee728b)
Start importing Assets/Res/button2.png using Guid(d1cbd3e7bf6df4745980a5e233a98874) Importer(815301076,1909f56bfc062723c751e8b465ee728b) [PhysX] Initialized MultithreadedTaskDispatcher with 16 workers.
[PhysX] Initialized MultithreadedTaskDispatcher with 16 workers.
 -> (artifact id: '099c13167519513538ab9d8a158f5349') in 0.016581 seconds
Number of updated asset objects reloaded before import = 0
Number of asset objects unloaded after import = 3
========================================================================
Received Import Request.
  Time since last request: 0.042376 seconds.
  path: Assets/gif/monkey/c/c001.png
  artifactKey: Guid(940f3882b30c18f478a0998cf93c7a4a) Importer(815301076,1909f56bfc062723c751e8b465ee728b)
Start importing Assets/gif/monkey/c/c001.png using Guid(940f3882b30c18f478a0998cf93c7a4a) Importer(815301076,1909f56bfc062723c751e8b465ee728b) [PhysX] Initialized MultithreadedTaskDispatcher with 16 workers.
[PhysX] Initialized MultithreadedTaskDispatcher with 16 workers.
 -> (artifact id: '30f21db89b26f27ecbf0363c72a59ef6') in 0.014620 seconds
Number of updated asset objects reloaded before import = 0
Number of asset objects unloaded after import = 3
========================================================================
Received Import Request.
  Time since last request: 0.025819 seconds.
  path: Assets/gif/e3/c4d00b92-3b20-4fe5-b594-1fb61a9fa9df-0.png
  artifactKey: Guid(4d8c56ebda51af54b8bfe139d0b6ca08) Importer(815301076,1909f56bfc062723c751e8b465ee728b)
Start importing Assets/gif/e3/c4d00b92-3b20-4fe5-b594-1fb61a9fa9df-0.png using Guid(4d8c56ebda51af54b8bfe139d0b6ca08) Importer(815301076,1909f56bfc062723c751e8b465ee728b) [PhysX] Initialized MultithreadedTaskDispatcher with 16 workers.
[PhysX] Initialized MultithreadedTaskDispatcher with 16 workers.
 -> (artifact id: 'd96ed15b3674e30d31910f039daeb4f3') in 0.014108 seconds
Number of updated asset objects reloaded before import = 0
Number of asset objects unloaded after import = 3
========================================================================
Received Import Request.
  Time since last request: 2.123687 seconds.
  path: Assets/gif/ca942e1a-885f-49d2-a245-2e4506578e64-3.png
  artifactKey: Guid(9827d14ca4180e84294a67092194c982) Importer(815301076,1909f56bfc062723c751e8b465ee728b)
Start importing Assets/gif/ca942e1a-885f-49d2-a245-2e4506578e64-3.png using Guid(9827d14ca4180e84294a67092194c982) Importer(815301076,1909f56bfc062723c751e8b465ee728b) [PhysX] Initialized MultithreadedTaskDispatcher with 16 workers.
[PhysX] Initialized MultithreadedTaskDispatcher with 16 workers.
 -> (artifact id: '7fd4ecab9c0a744d350b43bae932aa06') in 0.021924 seconds
Number of updated asset objects reloaded before import = 0
Number of asset objects unloaded after import = 3
========================================================================
Received Import Request.
  Time since last request: 0.036811 seconds.
  path: Assets/gif/ca942e1a-885f-49d2-a245-2e4506578e64-5.png
  artifactKey: Guid(d2e795e8126fe2c43950c737dda35fc4) Importer(815301076,1909f56bfc062723c751e8b465ee728b)
Start importing Assets/gif/ca942e1a-885f-49d2-a245-2e4506578e64-5.png using Guid(d2e795e8126fe2c43950c737dda35fc4) Importer(815301076,1909f56bfc062723c751e8b465ee728b) [PhysX] Initialized MultithreadedTaskDispatcher with 16 workers.
[PhysX] Initialized MultithreadedTaskDispatcher with 16 workers.
 -> (artifact id: '4894c9d234e625435f23ef7b239961af') in 0.018740 seconds
Number of updated asset objects reloaded before import = 0
Number of asset objects unloaded after import = 3
========================================================================
Received Import Request.
  Time since last request: 0.041260 seconds.
  path: Assets/gif/ca942e1a-885f-49d2-a245-2e4506578e64-9.png
  artifactKey: Guid(378a6290ec8508947b75951f59df52ac) Importer(815301076,1909f56bfc062723c751e8b465ee728b)
Start importing Assets/gif/ca942e1a-885f-49d2-a245-2e4506578e64-9.png using Guid(378a6290ec8508947b75951f59df52ac) Importer(815301076,1909f56bfc062723c751e8b465ee728b) [PhysX] Initialized MultithreadedTaskDispatcher with 16 workers.
[PhysX] Initialized MultithreadedTaskDispatcher with 16 workers.
 -> (artifact id: '7ae1c86f15cf1aa0e119dc87664d5e40') in 0.019056 seconds
Number of updated asset objects reloaded before import = 0
Number of asset objects unloaded after import = 3
========================================================================
Received Import Request.
  Time since last request: 3.814926 seconds.
  path: Assets/gif/ca942e1a-885f-49d2-a245-2e4506578e64-11.png
  artifactKey: Guid(5bc0c2dca906362458214102fc99e3f1) Importer(815301076,1909f56bfc062723c751e8b465ee728b)
Start importing Assets/gif/ca942e1a-885f-49d2-a245-2e4506578e64-11.png using Guid(5bc0c2dca906362458214102fc99e3f1) Importer(815301076,1909f56bfc062723c751e8b465ee728b) [PhysX] Initialized MultithreadedTaskDispatcher with 16 workers.
[PhysX] Initialized MultithreadedTaskDispatcher with 16 workers.
 -> (artifact id: '79b2652635e9ea3508d6f40af67492b1') in 0.020873 seconds
Number of updated asset objects reloaded before import = 0
Number of asset objects unloaded after import = 3
========================================================================
Received Import Request.
  Time since last request: 0.055694 seconds.
  path: Assets/gif/ca942e1a-885f-49d2-a245-2e4506578e64-15.png
  artifactKey: Guid(85ebdcf74b2c39445bc5d62385732cda) Importer(815301076,1909f56bfc062723c751e8b465ee728b)
Start importing Assets/gif/ca942e1a-885f-49d2-a245-2e4506578e64-15.png using Guid(85ebdcf74b2c39445bc5d62385732cda) Importer(815301076,1909f56bfc062723c751e8b465ee728b) [PhysX] Initialized MultithreadedTaskDispatcher with 16 workers.
[PhysX] Initialized MultithreadedTaskDispatcher with 16 workers.
 -> (artifact id: '7f8c0bdf5947491f5cd11398d5c12f06') in 0.019555 seconds
Number of updated asset objects reloaded before import = 0
Number of asset objects unloaded after import = 3
========================================================================
Received Import Request.
  Time since last request: 0.040067 seconds.
  path: Assets/gif/ca942e1a-885f-49d2-a245-2e4506578e64-19.png
  artifactKey: Guid(07d3855ff06b79d4e9612f39c36f0e72) Importer(815301076,1909f56bfc062723c751e8b465ee728b)
Start importing Assets/gif/ca942e1a-885f-49d2-a245-2e4506578e64-19.png using Guid(07d3855ff06b79d4e9612f39c36f0e72) Importer(815301076,1909f56bfc062723c751e8b465ee728b) [PhysX] Initialized MultithreadedTaskDispatcher with 16 workers.
[PhysX] Initialized MultithreadedTaskDispatcher with 16 workers.
 -> (artifact id: '7e00ec41c80afc0c61a9e2479a98b189') in 0.019041 seconds
Number of updated asset objects reloaded before import = 0
Number of asset objects unloaded after import = 3
========================================================================
Received Import Request.
  Time since last request: 0.180299 seconds.
  path: Assets/gif/ca942e1a-885f-49d2-a245-2e4506578e64-21.png
  artifactKey: Guid(b8b44c04f52107c49af4f60351603634) Importer(815301076,1909f56bfc062723c751e8b465ee728b)
Start importing Assets/gif/ca942e1a-885f-49d2-a245-2e4506578e64-21.png using Guid(b8b44c04f52107c49af4f60351603634) Importer(815301076,1909f56bfc062723c751e8b465ee728b) [PhysX] Initialized MultithreadedTaskDispatcher with 16 workers.
[PhysX] Initialized MultithreadedTaskDispatcher with 16 workers.
 -> (artifact id: 'ee780a1f58eeb2682ebf4fcd88291715') in 0.017968 seconds
Number of updated asset objects reloaded before import = 0
Number of asset objects unloaded after import = 3
========================================================================
Received Import Request.
  Time since last request: 0.021160 seconds.
  path: Assets/gif/ca942e1a-885f-49d2-a245-2e4506578e64-23.png
  artifactKey: Guid(06001c3cc4afb4a4ba6e2173321ee431) Importer(815301076,1909f56bfc062723c751e8b465ee728b)
Start importing Assets/gif/ca942e1a-885f-49d2-a245-2e4506578e64-23.png using Guid(06001c3cc4afb4a4ba6e2173321ee431) Importer(815301076,1909f56bfc062723c751e8b465ee728b) [PhysX] Initialized MultithreadedTaskDispatcher with 16 workers.
[PhysX] Initialized MultithreadedTaskDispatcher with 16 workers.
 -> (artifact id: 'cd7cd74d8f189ccc5192485d1a7e26a1') in 0.018264 seconds
Number of updated asset objects reloaded before import = 0
Number of asset objects unloaded after import = 3
========================================================================
Received Import Request.
  Time since last request: 0.039060 seconds.
  path: Assets/gif/ca942e1a-885f-49d2-a245-2e4506578e64-27.png
  artifactKey: Guid(c20eef9a54db4b84b8f9eb4adf7d5902) Importer(815301076,1909f56bfc062723c751e8b465ee728b)
Start importing Assets/gif/ca942e1a-885f-49d2-a245-2e4506578e64-27.png using Guid(c20eef9a54db4b84b8f9eb4adf7d5902) Importer(815301076,1909f56bfc062723c751e8b465ee728b) [PhysX] Initialized MultithreadedTaskDispatcher with 16 workers.
[PhysX] Initialized MultithreadedTaskDispatcher with 16 workers.
 -> (artifact id: 'b40f6808ee8171f0481d99ff1500ede3') in 0.019084 seconds
Number of updated asset objects reloaded before import = 0
Number of asset objects unloaded after import = 3
========================================================================
Received Import Request.
  Time since last request: 0.029302 seconds.
  path: Assets/gif/ca942e1a-885f-49d2-a245-2e4506578e64-29.png
  artifactKey: Guid(611b6168255713b4bba62fa5e18e491f) Importer(815301076,1909f56bfc062723c751e8b465ee728b)
Start importing Assets/gif/ca942e1a-885f-49d2-a245-2e4506578e64-29.png using Guid(611b6168255713b4bba62fa5e18e491f) Importer(815301076,1909f56bfc062723c751e8b465ee728b) [PhysX] Initialized MultithreadedTaskDispatcher with 16 workers.
[PhysX] Initialized MultithreadedTaskDispatcher with 16 workers.
 -> (artifact id: 'f1efc42bddbfa8c5bd32f275309917ce') in 0.019797 seconds
Number of updated asset objects reloaded before import = 0
Number of asset objects unloaded after import = 3
========================================================================
Received Import Request.
  Time since last request: 0.377716 seconds.
  path: Assets/gif/ca942e1a-885f-49d2-a245-2e4506578e64-31.png
  artifactKey: Guid(1df2e9be83f211b4495d7be5853970ac) Importer(815301076,1909f56bfc062723c751e8b465ee728b)
Start importing Assets/gif/ca942e1a-885f-49d2-a245-2e4506578e64-31.png using Guid(1df2e9be83f211b4495d7be5853970ac) Importer(815301076,1909f56bfc062723c751e8b465ee728b) [PhysX] Initialized MultithreadedTaskDispatcher with 16 workers.
[PhysX] Initialized MultithreadedTaskDispatcher with 16 workers.
 -> (artifact id: '6b703588a0c90fbe973650cfef1eecc3') in 0.019641 seconds
Number of updated asset objects reloaded before import = 0
Number of asset objects unloaded after import = 3
========================================================================
Received Import Request.
  Time since last request: 0.040110 seconds.
  path: Assets/gif/ca942e1a-885f-49d2-a245-2e4506578e64-35.png
  artifactKey: Guid(d01e699c3d8be584fb0ca9738282bcbb) Importer(815301076,1909f56bfc062723c751e8b465ee728b)
Start importing Assets/gif/ca942e1a-885f-49d2-a245-2e4506578e64-35.png using Guid(d01e699c3d8be584fb0ca9738282bcbb) Importer(815301076,1909f56bfc062723c751e8b465ee728b) [PhysX] Initialized MultithreadedTaskDispatcher with 16 workers.
[PhysX] Initialized MultithreadedTaskDispatcher with 16 workers.
 -> (artifact id: '9f16a2fb2e0e6dec85e8f9997a167235') in 0.020209 seconds
Number of updated asset objects reloaded before import = 0
Number of asset objects unloaded after import = 3
========================================================================
Received Import Request.
  Time since last request: 2.521925 seconds.
  path: Assets/gif/ca942e1a-885f-49d2-a245-2e4506578e64-49.png
  artifactKey: Guid(991a286b24223bd4b9beb2ff99a298a1) Importer(815301076,1909f56bfc062723c751e8b465ee728b)
Start importing Assets/gif/ca942e1a-885f-49d2-a245-2e4506578e64-49.png using Guid(991a286b24223bd4b9beb2ff99a298a1) Importer(815301076,1909f56bfc062723c751e8b465ee728b) [PhysX] Initialized MultithreadedTaskDispatcher with 16 workers.
[PhysX] Initialized MultithreadedTaskDispatcher with 16 workers.
 -> (artifact id: '2dee906ba7c9ab5ad839b7a2f6d34907') in 0.024368 seconds
Number of updated asset objects reloaded before import = 0
Number of asset objects unloaded after import = 3
========================================================================
Received Import Request.
  Time since last request: 0.057781 seconds.
  path: Assets/gif/e1/d1c4240e-9f95-44a9-9a25-6a1d0021b5c4-3.png
  artifactKey: Guid(04145dd5092daf14486535109668c598) Importer(815301076,1909f56bfc062723c751e8b465ee728b)
Start importing Assets/gif/e1/d1c4240e-9f95-44a9-9a25-6a1d0021b5c4-3.png using Guid(04145dd5092daf14486535109668c598) Importer(815301076,1909f56bfc062723c751e8b465ee728b) [PhysX] Initialized MultithreadedTaskDispatcher with 16 workers.
[PhysX] Initialized MultithreadedTaskDispatcher with 16 workers.
 -> (artifact id: '2a0b1c8cf2647cb5fe2ddf73f4ac091b') in 0.014848 seconds
Number of updated asset objects reloaded before import = 0
Number of asset objects unloaded after import = 3
========================================================================
Received Import Request.
  Time since last request: 0.001505 seconds.
  path: Assets/gif/e1/d1c4240e-9f95-44a9-9a25-6a1d0021b5c4-7.png
  artifactKey: Guid(f225d58eff24280488e10aabddc939ed) Importer(815301076,1909f56bfc062723c751e8b465ee728b)
Start importing Assets/gif/e1/d1c4240e-9f95-44a9-9a25-6a1d0021b5c4-7.png using Guid(f225d58eff24280488e10aabddc939ed) Importer(815301076,1909f56bfc062723c751e8b465ee728b) [PhysX] Initialized MultithreadedTaskDispatcher with 16 workers.
[PhysX] Initialized MultithreadedTaskDispatcher with 16 workers.
 -> (artifact id: '52910487066bded312fd8a83e5e744a1') in 0.013613 seconds
Number of updated asset objects reloaded before import = 0
Number of asset objects unloaded after import = 3
========================================================================
Received Import Request.
  Time since last request: 0.012887 seconds.
  path: Assets/gif/e1/d1c4240e-9f95-44a9-9a25-6a1d0021b5c4-34.png
  artifactKey: Guid(e55d300468a0a6943beedb9f0a8f3c59) Importer(815301076,1909f56bfc062723c751e8b465ee728b)
Start importing Assets/gif/e1/d1c4240e-9f95-44a9-9a25-6a1d0021b5c4-34.png using Guid(e55d300468a0a6943beedb9f0a8f3c59) Importer(815301076,1909f56bfc062723c751e8b465ee728b) [PhysX] Initialized MultithreadedTaskDispatcher with 16 workers.
[PhysX] Initialized MultithreadedTaskDispatcher with 16 workers.
 -> (artifact id: '44cab97aa425462108bf0f8eb42da0a1') in 0.014752 seconds
Number of updated asset objects reloaded before import = 0
Number of asset objects unloaded after import = 3
========================================================================
Received Import Request.
  Time since last request: 0.000991 seconds.
  path: Assets/gif/e1/d1c4240e-9f95-44a9-9a25-6a1d0021b5c4-38.png
  artifactKey: Guid(75769e9621edd8b41a901b0d9093c69d) Importer(815301076,1909f56bfc062723c751e8b465ee728b)
Start importing Assets/gif/e1/d1c4240e-9f95-44a9-9a25-6a1d0021b5c4-38.png using Guid(75769e9621edd8b41a901b0d9093c69d) Importer(815301076,1909f56bfc062723c751e8b465ee728b) [PhysX] Initialized MultithreadedTaskDispatcher with 16 workers.
[PhysX] Initialized MultithreadedTaskDispatcher with 16 workers.
 -> (artifact id: '32133510faa6768ca8fdf10030358557') in 0.014093 seconds
Number of updated asset objects reloaded before import = 0
Number of asset objects unloaded after import = 3
========================================================================
Received Import Request.
  Time since last request: 0.064200 seconds.
  path: Assets/font/f005.png
  artifactKey: Guid(3f122a06235d27a49b66650800c8a41b) Importer(815301076,1909f56bfc062723c751e8b465ee728b)
Start importing Assets/font/f005.png using Guid(3f122a06235d27a49b66650800c8a41b) Importer(815301076,1909f56bfc062723c751e8b465ee728b) [PhysX] Initialized MultithreadedTaskDispatcher with 16 workers.
[PhysX] Initialized MultithreadedTaskDispatcher with 16 workers.
 -> (artifact id: '4a54c1cbb5d67ed9c2c9b7e94dc20440') in 0.014798 seconds
Number of updated asset objects reloaded before import = 0
Number of asset objects unloaded after import = 3
========================================================================
Received Import Request.
  Time since last request: 0.650608 seconds.
  path: Assets/font/f007.png
  artifactKey: Guid(47165cdc57b73cb46b1a9c485e1a0deb) Importer(815301076,1909f56bfc062723c751e8b465ee728b)
Start importing Assets/font/f007.png using Guid(47165cdc57b73cb46b1a9c485e1a0deb) Importer(815301076,1909f56bfc062723c751e8b465ee728b) [PhysX] Initialized MultithreadedTaskDispatcher with 16 workers.
[PhysX] Initialized MultithreadedTaskDispatcher with 16 workers.
 -> (artifact id: '837511cbd325c3556a2877c75563e83d') in 0.015911 seconds
Number of updated asset objects reloaded before import = 0
Number of asset objects unloaded after import = 3
========================================================================
Received Import Request.
  Time since last request: 0.003221 seconds.
  path: Assets/font/f009.png
  artifactKey: Guid(9d3ca46a1c23d3c449d0f942e792b8ed) Importer(815301076,1909f56bfc062723c751e8b465ee728b)
Start importing Assets/font/f009.png using Guid(9d3ca46a1c23d3c449d0f942e792b8ed) Importer(815301076,1909f56bfc062723c751e8b465ee728b) [PhysX] Initialized MultithreadedTaskDispatcher with 16 workers.
[PhysX] Initialized MultithreadedTaskDispatcher with 16 workers.
 -> (artifact id: '60d6f61955283e6b267dc2cb1c2aa97c') in 0.013253 seconds
Number of updated asset objects reloaded before import = 0
Number of asset objects unloaded after import = 3
========================================================================
Received Import Request.
  Time since last request: 0.032355 seconds.
  path: Assets/gif/monkey/f470be9e-99e0-405d-a4d2-162a842675d7-1.png
  artifactKey: Guid(f394628b05e8ba94ba58e557494b5404) Importer(815301076,1909f56bfc062723c751e8b465ee728b)
Start importing Assets/gif/monkey/f470be9e-99e0-405d-a4d2-162a842675d7-1.png using Guid(f394628b05e8ba94ba58e557494b5404) Importer(815301076,1909f56bfc062723c751e8b465ee728b) [PhysX] Initialized MultithreadedTaskDispatcher with 16 workers.
[PhysX] Initialized MultithreadedTaskDispatcher with 16 workers.
 -> (artifact id: '827352ada780d13da84de474ae3dae54') in 0.015819 seconds
Number of updated asset objects reloaded before import = 0
Number of asset objects unloaded after import = 3
========================================================================
Received Import Request.
  Time since last request: 4.624370 seconds.
  path: Assets/gif/e1/d1c4240e-9f95-44a9-9a25-6a1d0021b5c4-32.png
  artifactKey: Guid(933ef9aaea28bd14ca6ddf10e4e777bc) Importer(815301076,1909f56bfc062723c751e8b465ee728b)
Start importing Assets/gif/e1/d1c4240e-9f95-44a9-9a25-6a1d0021b5c4-32.png using Guid(933ef9aaea28bd14ca6ddf10e4e777bc) Importer(815301076,1909f56bfc062723c751e8b465ee728b) [PhysX] Initialized MultithreadedTaskDispatcher with 16 workers.
[PhysX] Initialized MultithreadedTaskDispatcher with 16 workers.
 -> (artifact id: '1adf273caed4b0f09483b18b78196137') in 0.014486 seconds
Number of updated asset objects reloaded before import = 0
Number of asset objects unloaded after import = 3
========================================================================
Received Import Request.
  Time since last request: 0.002726 seconds.
  path: Assets/gif/e1/d1c4240e-9f95-44a9-9a25-6a1d0021b5c4-30.png
  artifactKey: Guid(79242f1d4bbba0742ab3cdb241d22f4e) Importer(815301076,1909f56bfc062723c751e8b465ee728b)
Start importing Assets/gif/e1/d1c4240e-9f95-44a9-9a25-6a1d0021b5c4-30.png using Guid(79242f1d4bbba0742ab3cdb241d22f4e) Importer(815301076,1909f56bfc062723c751e8b465ee728b) [PhysX] Initialized MultithreadedTaskDispatcher with 16 workers.
[PhysX] Initialized MultithreadedTaskDispatcher with 16 workers.
 -> (artifact id: 'd5d19167f140957b4a7152200ccbf68d') in 0.012161 seconds
Number of updated asset objects reloaded before import = 0
Number of asset objects unloaded after import = 3
========================================================================
Received Import Request.
  Time since last request: 0.119160 seconds.
  path: Assets/gif/good/b43c778f-b156-4461-9d16-60dba49e77c3-22.png
  artifactKey: Guid(febf3949ff83a1b48869e9dc772b8522) Importer(815301076,1909f56bfc062723c751e8b465ee728b)
Start importing Assets/gif/good/b43c778f-b156-4461-9d16-60dba49e77c3-22.png using Guid(febf3949ff83a1b48869e9dc772b8522) Importer(815301076,1909f56bfc062723c751e8b465ee728b) [PhysX] Initialized MultithreadedTaskDispatcher with 16 workers.
[PhysX] Initialized MultithreadedTaskDispatcher with 16 workers.
 -> (artifact id: '802315dd379541d4521190e55ee24539') in 0.013349 seconds
Number of updated asset objects reloaded before import = 0
Number of asset objects unloaded after import = 3
========================================================================
Received Import Request.
  Time since last request: 0.005127 seconds.
  path: Assets/gif/good/b43c778f-b156-4461-9d16-60dba49e77c3-18.png
  artifactKey: Guid(a2ca9aa46ff41d14cb272f6f37aac2ad) Importer(815301076,1909f56bfc062723c751e8b465ee728b)
Start importing Assets/gif/good/b43c778f-b156-4461-9d16-60dba49e77c3-18.png using Guid(a2ca9aa46ff41d14cb272f6f37aac2ad) Importer(815301076,1909f56bfc062723c751e8b465ee728b) [PhysX] Initialized MultithreadedTaskDispatcher with 16 workers.
[PhysX] Initialized MultithreadedTaskDispatcher with 16 workers.
 -> (artifact id: '89f3d8900be0562577ec37b940c13758') in 0.013855 seconds
Number of updated asset objects reloaded before import = 0
Number of asset objects unloaded after import = 3
========================================================================
Received Import Request.
  Time since last request: 0.023571 seconds.
  path: Assets/gif/ex01/b22be9a6-c2c3-400a-b720-6bc05044a8fb-8.png
  artifactKey: Guid(54e36bfde6419a94599958c7a5cbbf72) Importer(815301076,1909f56bfc062723c751e8b465ee728b)
Start importing Assets/gif/ex01/b22be9a6-c2c3-400a-b720-6bc05044a8fb-8.png using Guid(54e36bfde6419a94599958c7a5cbbf72) Importer(815301076,1909f56bfc062723c751e8b465ee728b) [PhysX] Initialized MultithreadedTaskDispatcher with 16 workers.
[PhysX] Initialized MultithreadedTaskDispatcher with 16 workers.
 -> (artifact id: '60a9a57014166215a0d6814f1f3aadd9') in 0.015085 seconds
Number of updated asset objects reloaded before import = 0
Number of asset objects unloaded after import = 3
========================================================================
Received Import Request.
  Time since last request: 0.001816 seconds.
  path: Assets/gif/ex01/b22be9a6-c2c3-400a-b720-6bc05044a8fb-12.png
  artifactKey: Guid(e925d2a8713ec2540909fd5144d7195f) Importer(815301076,1909f56bfc062723c751e8b465ee728b)
Start importing Assets/gif/ex01/b22be9a6-c2c3-400a-b720-6bc05044a8fb-12.png using Guid(e925d2a8713ec2540909fd5144d7195f) Importer(815301076,1909f56bfc062723c751e8b465ee728b) [PhysX] Initialized MultithreadedTaskDispatcher with 16 workers.
[PhysX] Initialized MultithreadedTaskDispatcher with 16 workers.
 -> (artifact id: 'd114658b796a4d9b7146856f0c4d2f2a') in 0.013770 seconds
Number of updated asset objects reloaded before import = 0
Number of asset objects unloaded after import = 3
========================================================================
Received Import Request.
  Time since last request: 0.032470 seconds.
  path: Assets/gif/37c7a769-c5c2-475c-a2df-031fd8715ac5-44.png
  artifactKey: Guid(12334340786527b4ba827b6ae241fb7d) Importer(815301076,1909f56bfc062723c751e8b465ee728b)
Start importing Assets/gif/37c7a769-c5c2-475c-a2df-031fd8715ac5-44.png using Guid(12334340786527b4ba827b6ae241fb7d) Importer(815301076,1909f56bfc062723c751e8b465ee728b) [PhysX] Initialized MultithreadedTaskDispatcher with 16 workers.
[PhysX] Initialized MultithreadedTaskDispatcher with 16 workers.
 -> (artifact id: 'f57b0d5e24b3efcad62ab331d165db9f') in 0.013838 seconds
Number of updated asset objects reloaded before import = 0
Number of asset objects unloaded after import = 3
========================================================================
Received Import Request.
  Time since last request: 0.002547 seconds.
  path: Assets/gif/37c7a769-c5c2-475c-a2df-031fd8715ac5-48.png
  artifactKey: Guid(ac9cedc43ecc0464292f6b69b9266171) Importer(815301076,1909f56bfc062723c751e8b465ee728b)
Start importing Assets/gif/37c7a769-c5c2-475c-a2df-031fd8715ac5-48.png using Guid(ac9cedc43ecc0464292f6b69b9266171) Importer(815301076,1909f56bfc062723c751e8b465ee728b) [PhysX] Initialized MultithreadedTaskDispatcher with 16 workers.
[PhysX] Initialized MultithreadedTaskDispatcher with 16 workers.
 -> (artifact id: '137f221e397d7dd895349b897a2dd1be') in 0.014482 seconds
Number of updated asset objects reloaded before import = 0
Number of asset objects unloaded after import = 3
Editor requested this worker to shutdown with reason: Scaling down because of idle timeout
TcpMessagingSession - receive error: operation aborted. errorcode: 995, details: The I/O operation has been aborted because of either a thread exit or an application request.
AssetImportWorker is now disconnected from the server
Process exiting
Exiting without the bug reporter. Application will terminate with return code 0